[2025-04-15T14:05:41.127+0000] {local_task_job_runner.py:123} INFO - ::group::Pre task execution logs
[2025-04-15T14:05:41.153+0000] {taskinstance.py:2614} INFO - Dependencies all met for dep_context=non-requeueable deps ti=<TaskInstance: load_property_maintenance_data.create_tables manual__2025-04-15T14:02:42.554757+00:00 [queued]>
[2025-04-15T14:05:41.167+0000] {taskinstance.py:2614} INFO - Dependencies all met for dep_context=requeueable deps ti=<TaskInstance: load_property_maintenance_data.create_tables manual__2025-04-15T14:02:42.554757+00:00 [queued]>
[2025-04-15T14:05:41.168+0000] {taskinstance.py:2867} INFO - Starting attempt 2 of 3
[2025-04-15T14:05:41.514+0000] {taskinstance.py:2890} INFO - Executing <Task(_PythonDecoratedOperator): create_tables> on 2025-04-15 14:02:42.554757+00:00
[2025-04-15T14:05:41.533+0000] {warnings.py:112} WARNING - /home/***/.local/lib/python3.12/site-packages/***/task/task_runner/standard_task_runner.py:70: DeprecationWarning: This process (pid=227) is multi-threaded, use of fork() may lead to deadlocks in the child.
  pid = os.fork()

[2025-04-15T14:05:41.536+0000] {standard_task_runner.py:72} INFO - Started process 231 to run task
[2025-04-15T14:05:41.536+0000] {standard_task_runner.py:104} INFO - Running: ['***', 'tasks', 'run', 'load_property_maintenance_data', 'create_tables', 'manual__2025-04-15T14:02:42.554757+00:00', '--job-id', '26', '--raw', '--subdir', 'DAGS_FOLDER/load_property_maintenance_data.py', '--cfg-path', '/tmp/tmp16vqty6w']
[2025-04-15T14:05:41.538+0000] {standard_task_runner.py:105} INFO - Job 26: Subtask create_tables
[2025-04-15T14:05:41.651+0000] {task_command.py:467} INFO - Running <TaskInstance: load_property_maintenance_data.create_tables manual__2025-04-15T14:02:42.554757+00:00 [running]> on host f5f5ba0b9523
[2025-04-15T14:05:41.898+0000] {taskinstance.py:3134} INFO - Exporting env vars: AIRFLOW_CTX_DAG_OWNER='***' AIRFLOW_CTX_DAG_ID='load_property_maintenance_data' AIRFLOW_CTX_TASK_ID='create_tables' AIRFLOW_CTX_EXECUTION_DATE='2025-04-15T14:02:42.554757+00:00' AIRFLOW_CTX_TRY_NUMBER='2' AIRFLOW_CTX_DAG_RUN_ID='manual__2025-04-15T14:02:42.554757+00:00'
[2025-04-15T14:05:41.906+0000] {logging_mixin.py:190} INFO - Task instance is in running state
[2025-04-15T14:05:41.907+0000] {logging_mixin.py:190} INFO -  Previous state of the Task instance: queued
[2025-04-15T14:05:41.908+0000] {logging_mixin.py:190} INFO - Current task name:create_tables state:running start_date:2025-04-15 14:05:41.154559+00:00
[2025-04-15T14:05:41.909+0000] {logging_mixin.py:190} INFO - Dag name:load_property_maintenance_data and current dag run status:running
[2025-04-15T14:05:41.910+0000] {taskinstance.py:732} INFO - ::endgroup::
[2025-04-15T14:05:41.943+0000] {base.py:84} INFO - Retrieving connection 'my_source_db'
[2025-04-15T14:05:41.962+0000] {sql.py:511} INFO - Running statement: 
        CREATE TABLE IF NOT EXISTS public.dim_property (
            region_name VARCHAR(20),
            property_id VARCHAR(20) PRIMARY KEY,
            construction_year INT
        );

        CREATE TABLE IF NOT EXISTS public.fact_prop_maintenance (
            property_id VARCHAR(20),
            repair_year INT,
            occupants INT,
            repair_count INT,
            total_repair_cost DECIMAL(10,2),
            FOREIGN KEY (property_id) REFERENCES public.dim_property(property_id)
        );
        , parameters: None
[2025-04-15T14:05:42.066+0000] {python.py:240} INFO - Done. Returned value was: Tables created successfully
[2025-04-15T14:05:42.128+0000] {taskinstance.py:341} INFO - ::group::Post task execution logs
[2025-04-15T14:05:42.130+0000] {taskinstance.py:353} INFO - Marking task as SUCCESS. dag_id=load_property_maintenance_data, task_id=create_tables, run_id=manual__2025-04-15T14:02:42.554757+00:00, execution_date=20250415T140242, start_date=20250415T140541, end_date=20250415T140542
[2025-04-15T14:05:42.182+0000] {logging_mixin.py:190} INFO - Task instance in success state
[2025-04-15T14:05:42.183+0000] {logging_mixin.py:190} INFO -  Previous state of the Task instance: running
[2025-04-15T14:05:42.184+0000] {logging_mixin.py:190} INFO - Dag name:load_property_maintenance_data queued_at:2025-04-15 14:02:42.617986+00:00
[2025-04-15T14:05:42.184+0000] {logging_mixin.py:190} INFO - Task hostname:f5f5ba0b9523 operator:_PythonDecoratedOperator
[2025-04-15T14:05:42.244+0000] {local_task_job_runner.py:266} INFO - Task exited with return code 0
[2025-04-15T14:05:42.307+0000] {taskinstance.py:3901} INFO - 0 downstream tasks scheduled from follow-on schedule check
[2025-04-15T14:05:42.315+0000] {local_task_job_runner.py:245} INFO - ::endgroup::
