[2025-04-17T09:34:27.821+0000] {local_task_job_runner.py:123} INFO - ::group::Pre task execution logs
[2025-04-17T09:34:28.978+0000] {taskinstance.py:2614} INFO - Dependencies all met for dep_context=non-requeueable deps ti=<TaskInstance: load_property_maintenance_data.create_tables manual__2025-04-17T09:33:39.210323+00:00 [queued]>
[2025-04-17T09:34:29.068+0000] {taskinstance.py:2614} INFO - Dependencies all met for dep_context=requeueable deps ti=<TaskInstance: load_property_maintenance_data.create_tables manual__2025-04-17T09:33:39.210323+00:00 [queued]>
[2025-04-17T09:34:29.072+0000] {taskinstance.py:2867} INFO - Starting attempt 1 of 3
[2025-04-17T09:34:29.298+0000] {taskinstance.py:2890} INFO - Executing <Task(_PythonDecoratedOperator): create_tables> on 2025-04-17 09:33:39.210323+00:00
[2025-04-17T09:34:29.381+0000] {warnings.py:112} WARNING - /home/***/.local/lib/python3.12/site-packages/***/task/task_runner/standard_task_runner.py:70: DeprecationWarning: This process (pid=197) is multi-threaded, use of fork() may lead to deadlocks in the child.
  pid = os.fork()

[2025-04-17T09:34:29.387+0000] {standard_task_runner.py:72} INFO - Started process 209 to run task
[2025-04-17T09:34:29.417+0000] {standard_task_runner.py:104} INFO - Running: ['***', 'tasks', 'run', 'load_property_maintenance_data', 'create_tables', 'manual__2025-04-17T09:33:39.210323+00:00', '--job-id', '33', '--raw', '--subdir', 'DAGS_FOLDER/load_property_maintenance_data.py', '--cfg-path', '/tmp/tmpgy56pu0v']
[2025-04-17T09:34:29.428+0000] {standard_task_runner.py:105} INFO - Job 33: Subtask create_tables
[2025-04-17T09:34:29.810+0000] {task_command.py:467} INFO - Running <TaskInstance: load_property_maintenance_data.create_tables manual__2025-04-17T09:33:39.210323+00:00 [running]> on host 41e3a81d946d
[2025-04-17T09:34:30.428+0000] {taskinstance.py:3134} INFO - Exporting env vars: AIRFLOW_CTX_DAG_OWNER='***' AIRFLOW_CTX_DAG_ID='load_property_maintenance_data' AIRFLOW_CTX_TASK_ID='create_tables' AIRFLOW_CTX_EXECUTION_DATE='2025-04-17T09:33:39.210323+00:00' AIRFLOW_CTX_TRY_NUMBER='1' AIRFLOW_CTX_DAG_RUN_ID='manual__2025-04-17T09:33:39.210323+00:00'
[2025-04-17T09:34:30.436+0000] {logging_mixin.py:190} INFO - Task instance is in running state
[2025-04-17T09:34:30.439+0000] {logging_mixin.py:190} INFO -  Previous state of the Task instance: queued
[2025-04-17T09:34:30.449+0000] {logging_mixin.py:190} INFO - Current task name:create_tables state:running start_date:2025-04-17 09:34:28.994432+00:00
[2025-04-17T09:34:30.452+0000] {logging_mixin.py:190} INFO - Dag name:load_property_maintenance_data and current dag run status:running
[2025-04-17T09:34:30.456+0000] {taskinstance.py:732} INFO - ::endgroup::
[2025-04-17T09:34:30.568+0000] {base.py:84} INFO - Retrieving connection 'my_source_db'
[2025-04-17T09:34:30.606+0000] {sql.py:511} INFO - Running statement: 
        CREATE TABLE IF NOT EXISTS public.dim_property (
            region_name VARCHAR(20),
            property_id VARCHAR(20) PRIMARY KEY,
            construction_year INT,
            age INT
        );

        CREATE TABLE IF NOT EXISTS public.fact_prop_maintenance (
            property_id VARCHAR(20),
            repair_year INT,
            occupants INT,
            repair_count INT,
            total_repair_cost DECIMAL(10,2),
            FOREIGN KEY (property_id) REFERENCES public.dim_property(property_id)
        );
        , parameters: None
[2025-04-17T09:34:30.806+0000] {python.py:240} INFO - Done. Returned value was: Tables created successfully
[2025-04-17T09:34:30.909+0000] {taskinstance.py:341} INFO - ::group::Post task execution logs
[2025-04-17T09:34:30.912+0000] {taskinstance.py:353} INFO - Marking task as SUCCESS. dag_id=load_property_maintenance_data, task_id=create_tables, run_id=manual__2025-04-17T09:33:39.210323+00:00, execution_date=20250417T093339, start_date=20250417T093428, end_date=20250417T093430
[2025-04-17T09:34:31.007+0000] {logging_mixin.py:190} INFO - Task instance in success state
[2025-04-17T09:34:31.013+0000] {logging_mixin.py:190} INFO -  Previous state of the Task instance: running
[2025-04-17T09:34:31.016+0000] {logging_mixin.py:190} INFO - Dag name:load_property_maintenance_data queued_at:2025-04-17 09:33:39.396829+00:00
[2025-04-17T09:34:31.018+0000] {logging_mixin.py:190} INFO - Task hostname:41e3a81d946d operator:_PythonDecoratedOperator
[2025-04-17T09:34:31.101+0000] {local_task_job_runner.py:266} INFO - Task exited with return code 0
[2025-04-17T09:34:31.301+0000] {taskinstance.py:3901} INFO - 0 downstream tasks scheduled from follow-on schedule check
[2025-04-17T09:34:31.309+0000] {local_task_job_runner.py:245} INFO - ::endgroup::
