[2025-05-27T05:08:40.956+0000] {local_task_job_runner.py:123} INFO - ::group::Pre task execution logs
[2025-05-27T05:08:40.994+0000] {taskinstance.py:2614} INFO - Dependencies all met for dep_context=non-requeueable deps ti=<TaskInstance: load_raw_data_to_bigquery.load_raw_data_to_bigquery manual__2025-05-27T05:06:35.505013+00:00 [queued]>
[2025-05-27T05:08:41.009+0000] {taskinstance.py:2614} INFO - Dependencies all met for dep_context=requeueable deps ti=<TaskInstance: load_raw_data_to_bigquery.load_raw_data_to_bigquery manual__2025-05-27T05:06:35.505013+00:00 [queued]>
[2025-05-27T05:08:41.011+0000] {taskinstance.py:2867} INFO - Starting attempt 1 of 1
[2025-05-27T05:08:41.035+0000] {taskinstance.py:2890} INFO - Executing <Task(BigQueryInsertJobOperator): load_raw_data_to_bigquery> on 2025-05-27 05:06:35.505013+00:00
[2025-05-27T05:08:41.077+0000] {warnings.py:112} WARNING - /home/***/.local/lib/python3.12/site-packages/***/task/task_runner/standard_task_runner.py:70: DeprecationWarning: This process (pid=337) is multi-threaded, use of fork() may lead to deadlocks in the child.
  pid = os.fork()

[2025-05-27T05:08:41.080+0000] {standard_task_runner.py:72} INFO - Started process 347 to run task
[2025-05-27T05:08:41.084+0000] {standard_task_runner.py:104} INFO - Running: ['***', 'tasks', 'run', 'load_raw_data_to_bigquery', 'load_raw_data_to_bigquery', 'manual__2025-05-27T05:06:35.505013+00:00', '--job-id', '47', '--raw', '--subdir', 'DAGS_FOLDER/load_property_maintenance_data.py', '--cfg-path', '/tmp/tmp77w14sht']
[2025-05-27T05:08:41.086+0000] {standard_task_runner.py:105} INFO - Job 47: Subtask load_raw_data_to_bigquery
[2025-05-27T05:08:41.407+0000] {task_command.py:467} INFO - Running <TaskInstance: load_raw_data_to_bigquery.load_raw_data_to_bigquery manual__2025-05-27T05:06:35.505013+00:00 [running]> on host d9b3ce181c98
[2025-05-27T05:08:43.345+0000] {taskinstance.py:3134} INFO - Exporting env vars: AIRFLOW_CTX_DAG_OWNER='***' AIRFLOW_CTX_DAG_ID='load_raw_data_to_bigquery' AIRFLOW_CTX_TASK_ID='load_raw_data_to_bigquery' AIRFLOW_CTX_EXECUTION_DATE='2025-05-27T05:06:35.505013+00:00' AIRFLOW_CTX_TRY_NUMBER='1' AIRFLOW_CTX_DAG_RUN_ID='manual__2025-05-27T05:06:35.505013+00:00'
[2025-05-27T05:08:43.459+0000] {logging_mixin.py:190} INFO - Task instance is in running state
[2025-05-27T05:08:43.460+0000] {logging_mixin.py:190} INFO -  Previous state of the Task instance: queued
[2025-05-27T05:08:43.461+0000] {logging_mixin.py:190} INFO - Current task name:load_raw_data_to_bigquery state:running start_date:2025-05-27 05:08:40.995256+00:00
[2025-05-27T05:08:43.461+0000] {logging_mixin.py:190} INFO - Dag name:load_raw_data_to_bigquery and current dag run status:running
[2025-05-27T05:08:43.462+0000] {taskinstance.py:732} INFO - ::endgroup::
[2025-05-27T05:08:43.508+0000] {connection.py:277} WARNING - Connection schemes (type: google_cloud_platform) shall not contain '_' according to RFC3986.
[2025-05-27T05:08:43.538+0000] {base.py:84} INFO - Retrieving connection 'my_gcp_conn'
[2025-05-27T05:08:44.090+0000] {bigquery.py:2665} INFO - Executing: {'load': {'sourceUris': ['gs://property-ju/synthetic_property_data.csv'], 'destinationTable': {'projectId': 'practice-project-461104', 'datasetId': 'property_data', 'tableId': 'stg_property_maintenance'}, 'sourceFormat': 'CSV', 'writeDisposition': 'WRITE_TRUNCATE', 'autodetect': True}}'
[2025-05-27T05:08:44.147+0000] {bigquery.py:1241} INFO - Inserting job ***_load_raw_data_to_bigquery_load_raw_data_to_bigquery_2025_05_27T05_06_35_505013_00_00_5008d08698af0fbb36d376d9b8626618
[2025-05-27T05:08:49.542+0000] {bigquery.py:2636} INFO - Job ***_load_raw_data_to_bigquery_load_raw_data_to_bigquery_2025_05_27T05_06_35_505013_00_00_5008d08698af0fbb36d376d9b8626618 is completed. Checking the job status
[2025-05-27T05:08:49.795+0000] {taskinstance.py:341} INFO - ::group::Post task execution logs
[2025-05-27T05:08:49.796+0000] {taskinstance.py:353} INFO - Marking task as SUCCESS. dag_id=load_raw_data_to_bigquery, task_id=load_raw_data_to_bigquery, run_id=manual__2025-05-27T05:06:35.505013+00:00, execution_date=20250527T050635, start_date=20250527T050840, end_date=20250527T050849
[2025-05-27T05:08:49.833+0000] {logging_mixin.py:190} INFO - Task instance in success state
[2025-05-27T05:08:49.833+0000] {logging_mixin.py:190} INFO -  Previous state of the Task instance: running
[2025-05-27T05:08:49.834+0000] {logging_mixin.py:190} INFO - Dag name:load_raw_data_to_bigquery queued_at:2025-05-27 05:06:36.052100+00:00
[2025-05-27T05:08:49.834+0000] {logging_mixin.py:190} INFO - Task hostname:d9b3ce181c98 operator:BigQueryInsertJobOperator
[2025-05-27T05:08:49.874+0000] {local_task_job_runner.py:266} INFO - Task exited with return code 0
[2025-05-27T05:08:49.902+0000] {taskinstance.py:3901} INFO - 0 downstream tasks scheduled from follow-on schedule check
[2025-05-27T05:08:49.970+0000] {local_task_job_runner.py:245} INFO - ::endgroup::
