[2025-04-17T09:34:28.866+0000] {local_task_job_runner.py:123} INFO - ::group::Pre task execution logs
[2025-04-17T09:34:29.012+0000] {taskinstance.py:2614} INFO - Dependencies all met for dep_context=non-requeueable deps ti=<TaskInstance: load_property_maintenance_data.extract manual__2025-04-17T09:33:39.210323+00:00 [queued]>
[2025-04-17T09:34:29.073+0000] {taskinstance.py:2614} INFO - Dependencies all met for dep_context=requeueable deps ti=<TaskInstance: load_property_maintenance_data.extract manual__2025-04-17T09:33:39.210323+00:00 [queued]>
[2025-04-17T09:34:29.079+0000] {taskinstance.py:2867} INFO - Starting attempt 1 of 3
[2025-04-17T09:34:29.258+0000] {taskinstance.py:2890} INFO - Executing <Task(_PythonDecoratedOperator): extract> on 2025-04-17 09:33:39.210323+00:00
[2025-04-17T09:34:29.376+0000] {warnings.py:112} WARNING - /home/***/.local/lib/python3.12/site-packages/***/task/task_runner/standard_task_runner.py:70: DeprecationWarning: This process (pid=198) is multi-threaded, use of fork() may lead to deadlocks in the child.
  pid = os.fork()

[2025-04-17T09:34:29.406+0000] {standard_task_runner.py:72} INFO - Started process 208 to run task
[2025-04-17T09:34:29.414+0000] {standard_task_runner.py:104} INFO - Running: ['***', 'tasks', 'run', 'load_property_maintenance_data', 'extract', 'manual__2025-04-17T09:33:39.210323+00:00', '--job-id', '34', '--raw', '--subdir', 'DAGS_FOLDER/load_property_maintenance_data.py', '--cfg-path', '/tmp/tmpcv3flyct']
[2025-04-17T09:34:29.418+0000] {standard_task_runner.py:105} INFO - Job 34: Subtask extract
[2025-04-17T09:34:29.751+0000] {task_command.py:467} INFO - Running <TaskInstance: load_property_maintenance_data.extract manual__2025-04-17T09:33:39.210323+00:00 [running]> on host 41e3a81d946d
[2025-04-17T09:34:30.418+0000] {taskinstance.py:3134} INFO - Exporting env vars: AIRFLOW_CTX_DAG_OWNER='***' AIRFLOW_CTX_DAG_ID='load_property_maintenance_data' AIRFLOW_CTX_TASK_ID='extract' AIRFLOW_CTX_EXECUTION_DATE='2025-04-17T09:33:39.210323+00:00' AIRFLOW_CTX_TRY_NUMBER='1' AIRFLOW_CTX_DAG_RUN_ID='manual__2025-04-17T09:33:39.210323+00:00'
[2025-04-17T09:34:30.429+0000] {logging_mixin.py:190} INFO - Task instance is in running state
[2025-04-17T09:34:30.433+0000] {logging_mixin.py:190} INFO -  Previous state of the Task instance: queued
[2025-04-17T09:34:30.436+0000] {logging_mixin.py:190} INFO - Current task name:extract state:running start_date:2025-04-17 09:34:29.018105+00:00
[2025-04-17T09:34:30.439+0000] {logging_mixin.py:190} INFO - Dag name:load_property_maintenance_data and current dag run status:running
[2025-04-17T09:34:30.451+0000] {taskinstance.py:732} INFO - ::endgroup::
[2025-04-17T09:34:30.577+0000] {base.py:84} INFO - Retrieving connection 'minio_conn'
[2025-04-17T09:34:32.656+0000] {httpchecksum.py:481} INFO - Skipping checksum validation. Response did not contain one of the following algorithms: ['crc32', 'sha1', 'sha256'].
[2025-04-17T09:34:34.225+0000] {python.py:240} INFO - Done. Returned value was: /tmp/prop_data.parquet
[2025-04-17T09:34:34.346+0000] {taskinstance.py:341} INFO - ::group::Post task execution logs
[2025-04-17T09:34:34.349+0000] {taskinstance.py:353} INFO - Marking task as SUCCESS. dag_id=load_property_maintenance_data, task_id=extract, run_id=manual__2025-04-17T09:33:39.210323+00:00, execution_date=20250417T093339, start_date=20250417T093429, end_date=20250417T093434
[2025-04-17T09:34:34.427+0000] {logging_mixin.py:190} INFO - Task instance in success state
[2025-04-17T09:34:34.429+0000] {logging_mixin.py:190} INFO -  Previous state of the Task instance: running
[2025-04-17T09:34:34.432+0000] {logging_mixin.py:190} INFO - Dag name:load_property_maintenance_data queued_at:2025-04-17 09:33:39.396829+00:00
[2025-04-17T09:34:34.436+0000] {logging_mixin.py:190} INFO - Task hostname:41e3a81d946d operator:_PythonDecoratedOperator
[2025-04-17T09:34:34.513+0000] {local_task_job_runner.py:266} INFO - Task exited with return code 0
[2025-04-17T09:34:34.566+0000] {taskinstance.py:3901} INFO - 1 downstream tasks scheduled from follow-on schedule check
[2025-04-17T09:34:34.570+0000] {local_task_job_runner.py:245} INFO - ::endgroup::
